app/build/outputs/logs/manifest-merger-debug-report.txt
-- Merging decision tree log ---
manifest
ADDED from src/main/AndroidManifest.xml:2:1-43:12
	xmlns:android
		ADDED from src/main/AndroidManifest.xml:2:11-69
	package
		ADDED from src/main/AndroidManifest.xml:3:5-62
		INJECTED from src/main/AndroidManifest.xml
		INJECTED from src/main/AndroidManifest.xml
	android:versionName
		ADDED from src/main/AndroidManifest.xml:5:5-30
		INJECTED from src/main/AndroidManifest.xml
		INJECTED from src/main/AndroidManifest.xml
	android:versionCode
		ADDED from src/main/AndroidManifest.xml:4:5-28
		INJECTED from src/main/AndroidManifest.xml
		INJECTED from src/main/AndroidManifest.xml
uses-sdk
ADDED from src/main/AndroidManifest.xml:7:6-9:41
	android:targetSdkVersion
		ADDED from src/main/AndroidManifest.xml:9:9-38
		INJECTED from src/main/AndroidManifest.xml
		INJECTED from src/main/AndroidManifest.xml
	android:minSdkVersion
		ADDED from src/main/AndroidManifest.xml:8:9-35
		INJECTED from src/main/AndroidManifest.xml
		INJECTED from src/main/AndroidManifest.xml
uses-permission#android.permission.INTERNET
ADDED from src/main/AndroidManifest.xml:12:5-67
	android:name
		ADDED from src/main/AndroidManifest.xml:12:22-64
application
ADDED from src/main/AndroidManifest.xml:14:5-41:19
	android:label
		ADDED from src/main/AndroidManifest.xml:18:9-41
	android:allowBackup
		ADDED from src/main/AndroidManifest.xml:16:9-35
	android:icon
		ADDED from src/main/AndroidManifest.xml:17:9-45
	android:theme
		ADDED from src/main/AndroidManifest.xml:19:9-40
	android:name
		ADDED from src/main/AndroidManifest.xml:15:9-100
activity#org.dieschnittstelle.mobile.android.mediaaccess.ItemListActivity
ADDED from src/main/AndroidManifest.xml:20:9-28:20
	android:label
		ADDED from src/main/AndroidManifest.xml:22:13-45
	android:name
		ADDED from src/main/AndroidManifest.xml:21:13-45
intent-filter#android.intent.action.MAIN+android.intent.category.LAUNCHER
ADDED from src/main/AndroidManifest.xml:23:13-27:29
action#android.intent.action.MAIN
ADDED from src/main/AndroidManifest.xml:24:17-69
	android:name
		ADDED from src/main/AndroidManifest.xml:24:25-66
category#android.intent.category.LAUNCHER
ADDED from src/main/AndroidManifest.xml:26:17-77
	android:name
		ADDED from src/main/AndroidManifest.xml:26:27-74
activity#org.dieschnittstelle.mobile.android.mediaaccess.ItemDetailsActivity
ADDED from src/main/AndroidManifest.xml:29:9-32:20
	android:label
		ADDED from src/main/AndroidManifest.xml:31:13-29
	android:name
		ADDED from src/main/AndroidManifest.xml:30:13-48
activity#org.dieschnittstelle.mobile.android.mediaaccess.webview.WebViewItemDetailsActivity
ADDED from src/main/AndroidManifest.xml:33:9-36:20
	android:label
		ADDED from src/main/AndroidManifest.xml:35:13-29
	android:name
		ADDED from src/main/AndroidManifest.xml:34:13-63
activity#org.dieschnittstelle.mobile.android.mediaaccess.webview.ChromeWebViewItemDetailsActivity
ADDED from src/main/AndroidManifest.xml:37:9-40:20
	android:label
		ADDED from src/main/AndroidManifest.xml:39:13-29
	android:name
		ADDED from src/main/AndroidManifest.xml:38:13-69